build/app/intermediates/manifest_merge_blame_file/debug/manifest-merger-blame-debug-report.txt
1<?xml version="1.0" encoding="utf-8"?>
2<manifest xmlns:android="http://schemas.android.com/apk/res/android"
3    package="com.example.shoes"
4    android:versionCode="1"
5    android:versionName="1.0.0" >
6
7    <uses-sdk
8        android:minSdkVersion="19"
9        android:targetSdkVersion="33" />
10    <!--
11         The INTERNET permission is required for development. Specifically,
12         the Flutter tool needs it to communicate with the running application
13         to allow setting breakpoints, to provide hot reload, etc.
14    -->
15    <uses-permission android:name="android.permission.INTERNET" />
15-->src\debug\AndroidManifest.xml:6:5-66
15-->src\debug\AndroidManifest.xml:6:22-64
16
17    <queries>
17-->[:flutter_inappwebview] AndroidManifest.xml:9:5-13:15
18        <intent>
18-->[:flutter_inappwebview] AndroidManifest.xml:10:9-12:18
19            <action android:name="android.support.customtabs.action.CustomTabsService" />
19-->[:flutter_inappwebview] AndroidManifest.xml:11:13-90
19-->[:flutter_inappwebview] AndroidManifest.xml:11:21-87
20        </intent>
21    </queries>
22
23    <permission
23-->[androidx.core:core:1.10.1] AndroidManifest.xml:22:5-24:47
24        android:name="com.example.shoes.DYNAMIC_RECEIVER_NOT_EXPORTED_PERMISSION"
24-->[androidx.core:core:1.10.1] AndroidManifest.xml:23:9-81
25        android:protectionLevel="signature" />
25-->[androidx.core:core:1.10.1] AndroidManifest.xml:24:9-44
26
27    <uses-permission android:name="com.example.shoes.DYNAMIC_RECEIVER_NOT_EXPORTED_PERMISSION" />
27-->[androidx.core:core:1.10.1] AndroidManifest.xml:26:5-97
27-->[androidx.core:core:1.10.1] AndroidManifest.xml:26:22-94
28
29    <application
30        android:name="android.app.Application"
31        android:appComponentFactory="androidx.core.app.CoreComponentFactory"
31-->[androidx.core:core:1.10.1] AndroidManifest.xml:28:18-86
32        android:debuggable="true"
33        android:icon="@mipmap/ic_launcher"
34        android:label="shoes" >
35        <activity
36            android:name="com.example.shoes.MainActivity"
37            android:configChanges="orientation|keyboardHidden|keyboard|screenSize|smallestScreenSize|locale|layoutDirection|fontScale|screenLayout|density|uiMode"
38            android:exported="true"
39            android:hardwareAccelerated="true"
40            android:launchMode="singleTop"
41            android:theme="@style/LaunchTheme"
42            android:windowSoftInputMode="adjustResize" >
43
44            <!--
45                 Specifies an Android theme to apply to this Activity as soon as
46                 the Android process has started. This theme is visible to the user
47                 while the Flutter UI initializes. After that, this theme continues
48                 to determine the Window background behind the Flutter UI.
49            -->
50            <meta-data
51                android:name="io.flutter.embedding.android.NormalTheme"
52                android:resource="@style/NormalTheme" />
53
54            <intent-filter>
55                <action android:name="android.intent.action.MAIN" />
56
57                <category android:name="android.intent.category.LAUNCHER" />
58            </intent-filter>
59        </activity>
60        <!--
61             Don't delete the meta-data below.
62             This is used by the Flutter tool to generate GeneratedPluginRegistrant.java
63        -->
64        <meta-data
65            android:name="flutterEmbedding"
66            android:value="2" />
67
68        <activity
68-->[:flutter_inappwebview] AndroidManifest.xml:16:9-20:47
69            android:name="com.pichillilorenzo.flutter_inappwebview.in_app_browser.InAppBrowserActivity"
69-->[:flutter_inappwebview] AndroidManifest.xml:17:13-104
70            android:configChanges="orientation|keyboardHidden|keyboard|screenSize|locale|layoutDirection|fontScale|screenLayout|density"
70-->[:flutter_inappwebview] AndroidManifest.xml:18:13-137
71            android:exported="false"
71-->[:flutter_inappwebview] AndroidManifest.xml:19:13-37
72            android:theme="@style/AppTheme" />
72-->[:flutter_inappwebview] AndroidManifest.xml:20:13-44
73        <activity
73-->[:flutter_inappwebview] AndroidManifest.xml:21:9-24:55
74            android:name="com.pichillilorenzo.flutter_inappwebview.chrome_custom_tabs.ChromeCustomTabsActivity"
74-->[:flutter_inappwebview] AndroidManifest.xml:22:13-112
75            android:exported="false"
75-->[:flutter_inappwebview] AndroidManifest.xml:23:13-37
76            android:theme="@style/ThemeTransparent" />
76-->[:flutter_inappwebview] AndroidManifest.xml:24:13-52
77        <activity
77-->[:flutter_inappwebview] AndroidManifest.xml:25:9-28:55
78            android:name="com.pichillilorenzo.flutter_inappwebview.chrome_custom_tabs.TrustedWebActivity"
78-->[:flutter_inappwebview] AndroidManifest.xml:26:13-106
79            android:exported="false"
79-->[:flutter_inappwebview] AndroidManifest.xml:27:13-37
80            android:theme="@style/ThemeTransparent" />
80-->[:flutter_inappwebview] AndroidManifest.xml:28:13-52
81        <activity
81-->[:flutter_inappwebview] AndroidManifest.xml:29:9-33:55
82            android:name="com.pichillilorenzo.flutter_inappwebview.chrome_custom_tabs.ChromeCustomTabsActivitySingleInstance"
82-->[:flutter_inappwebview] AndroidManifest.xml:30:13-126
83            android:exported="false"
83-->[:flutter_inappwebview] AndroidManifest.xml:31:13-37
84            android:launchMode="singleInstance"
84-->[:flutter_inappwebview] AndroidManifest.xml:32:13-48
85            android:theme="@style/ThemeTransparent" />
85-->[:flutter_inappwebview] AndroidManifest.xml:33:13-52
86        <activity
86-->[:flutter_inappwebview] AndroidManifest.xml:34:9-38:55
87            android:name="com.pichillilorenzo.flutter_inappwebview.chrome_custom_tabs.TrustedWebActivitySingleInstance"
87-->[:flutter_inappwebview] AndroidManifest.xml:35:13-120
88            android:exported="false"
88-->[:flutter_inappwebview] AndroidManifest.xml:36:13-37
89            android:launchMode="singleInstance"
89-->[:flutter_inappwebview] AndroidManifest.xml:37:13-48
90            android:theme="@style/ThemeTransparent" />
90-->[:flutter_inappwebview] AndroidManifest.xml:38:13-52
91
92        <receiver
92-->[:flutter_inappwebview] AndroidManifest.xml:40:9-43:40
93            android:name="com.pichillilorenzo.flutter_inappwebview.chrome_custom_tabs.ActionBroadcastReceiver"
93-->[:flutter_inappwebview] AndroidManifest.xml:41:13-111
94            android:enabled="true"
94-->[:flutter_inappwebview] AndroidManifest.xml:42:13-35
95            android:exported="false" />
95-->[:flutter_inappwebview] AndroidManifest.xml:43:13-37
96
97        <meta-data
97-->[:flutter_inappwebview] AndroidManifest.xml:45:9-47:36
98            android:name="io.flutter.embedded_views_preview"
98-->[:flutter_inappwebview] AndroidManifest.xml:46:13-61
99            android:value="true" />
99-->[:flutter_inappwebview] AndroidManifest.xml:47:13-33
100
101        <provider
101-->[:image_picker_android] AndroidManifest.xml:10:9-18:20
102            android:name="io.flutter.plugins.imagepicker.ImagePickerFileProvider"
102-->[:image_picker_android] AndroidManifest.xml:11:13-82
103            android:authorities="com.example.shoes.flutter.image_provider"
103-->[:image_picker_android] AndroidManifest.xml:12:13-74
104            android:exported="false"
104-->[:image_picker_android] AndroidManifest.xml:13:13-37
105            android:grantUriPermissions="true" >
105-->[:image_picker_android] AndroidManifest.xml:14:13-47
106            <meta-data
106-->[:image_picker_android] AndroidManifest.xml:15:13-17:75
107                android:name="android.support.FILE_PROVIDER_PATHS"
107-->[:image_picker_android] AndroidManifest.xml:16:17-67
108                android:resource="@xml/flutter_image_picker_file_paths" />
108-->[:image_picker_android] AndroidManifest.xml:17:17-72
109        </provider>
110
111        <activity
111-->[:url_launcher_android] AndroidManifest.xml:10:9-13:74
112            android:name="io.flutter.plugins.urllauncher.WebViewActivity"
112-->[:url_launcher_android] AndroidManifest.xml:11:13-74
113            android:exported="false"
113-->[:url_launcher_android] AndroidManifest.xml:12:13-37
114            android:theme="@android:style/Theme.NoTitleBar.Fullscreen" />
114-->[:url_launcher_android] AndroidManifest.xml:13:13-71
115
116        <provider
116-->[androidx.emoji2:emoji2:1.2.0] AndroidManifest.xml:24:9-32:20
117            android:name="androidx.startup.InitializationProvider"
117-->[androidx.emoji2:emoji2:1.2.0] AndroidManifest.xml:25:13-67
118            android:authorities="com.example.shoes.androidx-startup"
118-->[androidx.emoji2:emoji2:1.2.0] AndroidManifest.xml:26:13-68
119            android:exported="false" >
119-->[androidx.emoji2:emoji2:1.2.0] AndroidManifest.xml:27:13-37
120            <meta-data
120-->[androidx.emoji2:emoji2:1.2.0] AndroidManifest.xml:29:13-31:52
121                android:name="androidx.emoji2.text.EmojiCompatInitializer"
121-->[androidx.emoji2:emoji2:1.2.0] AndroidManifest.xml:30:17-75
122                android:value="androidx.startup" />
122-->[androidx.emoji2:emoji2:1.2.0] AndroidManifest.xml:31:17-49
123            <meta-data
123-->[androidx.lifecycle:lifecycle-process:2.6.1] AndroidManifest.xml:29:13-31:52
124                android:name="androidx.lifecycle.ProcessLifecycleInitializer"
124-->[androidx.lifecycle:lifecycle-process:2.6.1] AndroidManifest.xml:30:17-78
125                android:value="androidx.startup" />
125-->[androidx.lifecycle:lifecycle-process:2.6.1] AndroidManifest.xml:31:17-49
126            <meta-data
126-->[androidx.profileinstaller:profileinstaller:1.3.0] AndroidManifest.xml:29:13-31:52
127                android:name="androidx.profileinstaller.ProfileInstallerInitializer"
127-->[androidx.profileinstaller:profileinstaller:1.3.0] AndroidManifest.xml:30:17-85
128                android:value="androidx.startup" />
128-->[androidx.profileinstaller:profileinstaller:1.3.0] AndroidManifest.xml:31:17-49
129        </provider>
130
131        <uses-library
131-->[androidx.window:window:1.0.0-beta04] AndroidManifest.xml:25:9-27:40
132            android:name="androidx.window.extensions"
132-->[androidx.window:window:1.0.0-beta04] AndroidManifest.xml:26:13-54
133            android:required="false" />
133-->[androidx.window:window:1.0.0-beta04] AndroidManifest.xml:27:13-37
134        <uses-library
134-->[androidx.window:window:1.0.0-beta04] AndroidManifest.xml:28:9-30:40
135            android:name="androidx.window.sidecar"
135-->[androidx.window:window:1.0.0-beta04] AndroidManifest.xml:29:13-51
136            android:required="false" />
136-->[androidx.window:window:1.0.0-beta04] AndroidManifest.xml:30:13-37
137
138        <receiver
138-->[androidx.profileinstaller:profileinstaller:1.3.0] AndroidManifest.xml:34:9-52:20
139            android:name="androidx.profileinstaller.ProfileInstallReceiver"
139-->[androidx.profileinstaller:profileinstaller:1.3.0] AndroidManifest.xml:35:13-76
140            android:directBootAware="false"
140-->[androidx.profileinstaller:profileinstaller:1.3.0] AndroidManifest.xml:36:13-44
141            android:enabled="true"
141-->[androidx.profileinstaller:profileinstaller:1.3.0] AndroidManifest.xml:37:13-35
142            android:exported="true"
142-->[androidx.profileinstaller:profileinstaller:1.3.0] AndroidManifest.xml:38:13-36
143            android:permission="android.permission.DUMP" >
143-->[androidx.profileinstaller:profileinstaller:1.3.0] AndroidManifest.xml:39:13-57
144            <intent-filter>
144-->[androidx.profileinstaller:profileinstaller:1.3.0] AndroidManifest.xml:40:13-42:29
145                <action android:name="androidx.profileinstaller.action.INSTALL_PROFILE" />
145-->[androidx.profileinstaller:profileinstaller:1.3.0] AndroidManifest.xml:41:17-91
145-->[androidx.profileinstaller:profileinstaller:1.3.0] AndroidManifest.xml:41:25-88
146            </intent-filter>
147            <intent-filter>
147-->[androidx.profileinstaller:profileinstaller:1.3.0] AndroidManifest.xml:43:13-45:29
148                <action android:name="androidx.profileinstaller.action.SKIP_FILE" />
148-->[androidx.profileinstaller:profileinstaller:1.3.0] AndroidManifest.xml:44:17-85
148-->[androidx.profileinstaller:profileinstaller:1.3.0] AndroidManifest.xml:44:25-82
149            </intent-filter>
150            <intent-filter>
150-->[androidx.profileinstaller:profileinstaller:1.3.0] AndroidManifest.xml:46:13-48:29
151                <action android:name="androidx.profileinstaller.action.SAVE_PROFILE" />
151-->[androidx.profileinstaller:profileinstaller:1.3.0] AndroidManifest.xml:47:17-88
151-->[androidx.profileinstaller:profileinstaller:1.3.0] AndroidManifest.xml:47:25-85
152            </intent-filter>
153            <intent-filter>
153-->[androidx.profileinstaller:profileinstaller:1.3.0] AndroidManifest.xml:49:13-51:29
154                <action android:name="androidx.profileinstaller.action.BENCHMARK_OPERATION" />
154-->[androidx.profileinstaller:profileinstaller:1.3.0] AndroidManifest.xml:50:17-95
154-->[androidx.profileinstaller:profileinstaller:1.3.0] AndroidManifest.xml:50:25-92
155            </intent-filter>
156        </receiver>
157    </application>
158
159</manifest>